<?xml version="1.0" encoding="UTF-8"?>
<!-- Generated by org.testng.reporters.JUnitReportReporter -->
<testsuite skipped="0" hostname="Abrahams-Air.attlocal.net" name="Test.LoginTest" tests="1" failures="0" timestamp="04 May 2019 18:00:10 GMT" time="0.672" errors="0">
  <testcase name="login" time="0.672" classname="Test.LoginTest"/>
</testsuite> <!-- Test.LoginTest -->
